$1 = 273
Breakpoint 1 at 0x2bdf16: file ctrl_xfer32.cc, line 276.

This GDB supports auto-downloading debuginfo from the following URLs:
  <https://debuginfod.ubuntu.com>
Enable debuginfod for this session? (y or [n]) [answered N; input not from terminal]
Debuginfod has been disabled.
To make this setting permanent, add 'set debuginfod enabled off' to .gdbinit.
[Thread debugging using libthread_db enabled]
Using host libthread_db library "/lib/x86_64-linux-gnu/libthread_db.so.1".
[Inferior 1 (process 8673) exited with code 01]
$1 = 273
Breakpoint 1 at 0x2bdf16: file ctrl_xfer32.cc, line 276.

This GDB supports auto-downloading debuginfo from the following URLs:
  <https://debuginfod.ubuntu.com>
Enable debuginfod for this session? (y or [n]) [answered N; input not from terminal]
Debuginfod has been disabled.
To make this setting permanent, add 'set debuginfod enabled off' to .gdbinit.
[Thread debugging using libthread_db enabled]
Using host libthread_db library "/lib/x86_64-linux-gnu/libthread_db.so.1".

Program received signal SIGINT, Interrupt.
0x00007ffff790be41 in __GI___libc_read (fd=0, buf=0x5555573b5af0, nbytes=1024) at ../sysdeps/unix/sysv/linux/read.c:26
26	../sysdeps/unix/sysv/linux/read.c: 没有那个文件或目录.
Quit
Quit
Quit
Quit
$1 = 273
Breakpoint 1 at 0x2bdf16: file ctrl_xfer32.cc, line 276.

This GDB supports auto-downloading debuginfo from the following URLs:
  <https://debuginfod.ubuntu.com>
Enable debuginfod for this session? (y or [n]) [answered N; input not from terminal]
Debuginfod has been disabled.
To make this setting permanent, add 'set debuginfod enabled off' to .gdbinit.
[Thread debugging using libthread_db enabled]
Using host libthread_db library "/lib/x86_64-linux-gnu/libthread_db.so.1".

Program received signal SIGINT, Interrupt.
0x00007ffff790be41 in __GI___libc_read (fd=0, buf=0x5555573b5af0, nbytes=1024) at ../sysdeps/unix/sysv/linux/read.c:26
26	../sysdeps/unix/sysv/linux/read.c: 没有那个文件或目录.
$1 = 273
Breakpoint 1 at 0x2bdf16: file ctrl_xfer32.cc, line 276.

This GDB supports auto-downloading debuginfo from the following URLs:
  <https://debuginfod.ubuntu.com>
Enable debuginfod for this session? (y or [n]) [answered N; input not from terminal]
Debuginfod has been disabled.
To make this setting permanent, add 'set debuginfod enabled off' to .gdbinit.
[Thread debugging using libthread_db enabled]
Using host libthread_db library "/lib/x86_64-linux-gnu/libthread_db.so.1".

Program received signal SIGINT, Interrupt.
0x00007ffff790be41 in __GI___libc_read (fd=0, buf=0x5555573b5af0, nbytes=1024) at ../sysdeps/unix/sysv/linux/read.c:26
26	../sysdeps/unix/sysv/linux/read.c: 没有那个文件或目录.
